SLURM_JOB_ID: 61701249
SLURM_JOB_USER: vsc36295
SLURM_JOB_ACCOUNT: lp_h_ds_2023_2024
SLURM_JOB_NAME: jobscript_cds.slurm
SLURM_CLUSTER_NAME: wice
SLURM_JOB_PARTITION: batch
SLURM_NNODES: 1
SLURM_NODELIST: p33c27n4
SLURM_JOB_CPUS_PER_NODE: 1
Date: Sat Jun 22 15:40:58 CEST 2024
Walltime: 00-20:30:00
========================================================================
Requirement already satisfied: pip in ./myenvtest/lib/python3.11/site-packages (22.3.1)
Collecting pip
  Using cached pip-24.1-py3-none-any.whl (1.8 MB)
Installing collected packages: pip
  Attempting uninstall: pip
    Found existing installation: pip 22.3.1
    Uninstalling pip-22.3.1:
      Successfully uninstalled pip-22.3.1
Successfully installed pip-24.1
Requirement already satisfied: pip in ./myenvtest/lib/python3.11/site-packages (24.1)
Requirement already satisfied: setuptools in ./myenvtest/lib/python3.11/site-packages (65.5.0)
Collecting setuptools
  Using cached setuptools-70.1.0-py3-none-any.whl.metadata (6.0 kB)
Using cached setuptools-70.1.0-py3-none-any.whl (882 kB)
Installing collected packages: setuptools
  Attempting uninstall: setuptools
    Found existing installation: setuptools 65.5.0
    Uninstalling setuptools-65.5.0:
      Successfully uninstalled setuptools-65.5.0
Successfully installed setuptools-70.1.0
Collecting mmh3
  Using cached mmh3-4.1.0-cp311-cp311-manylinux_2_5_x86_64.manylinux1_x86_64.manylinux_2_17_x86_64.manylinux2014_x86_64.whl.metadata (13 kB)
Using cached mmh3-4.1.0-cp311-cp311-manylinux_2_5_x86_64.manylinux1_x86_64.manylinux_2_17_x86_64.manylinux2014_x86_64.whl (67 kB)
Installing collected packages: mmh3
Successfully installed mmh3-4.1.0
Collecting pandas
  Using cached pandas-2.2.2-cp311-cp311-manylinux_2_17_x86_64.manylinux2014_x86_64.whl.metadata (19 kB)
Collecting numpy>=1.23.2 (from pandas)
  Using cached numpy-2.0.0-cp311-cp311-manylinux_2_17_x86_64.manylinux2014_x86_64.whl.metadata (60 kB)
Collecting python-dateutil>=2.8.2 (from pandas)
  Using cached python_dateutil-2.9.0.post0-py2.py3-none-any.whl.metadata (8.4 kB)
Collecting pytz>=2020.1 (from pandas)
  Using cached pytz-2024.1-py2.py3-none-any.whl.metadata (22 kB)
Collecting tzdata>=2022.7 (from pandas)
  Using cached tzdata-2024.1-py2.py3-none-any.whl.metadata (1.4 kB)
Collecting six>=1.5 (from python-dateutil>=2.8.2->pandas)
  Using cached six-1.16.0-py2.py3-none-any.whl.metadata (1.8 kB)
Using cached pandas-2.2.2-cp311-cp311-manylinux_2_17_x86_64.manylinux2014_x86_64.whl (13.0 MB)
Using cached numpy-2.0.0-cp311-cp311-manylinux_2_17_x86_64.manylinux2014_x86_64.whl (19.3 MB)
Using cached python_dateutil-2.9.0.post0-py2.py3-none-any.whl (229 kB)
Using cached pytz-2024.1-py2.py3-none-any.whl (505 kB)
Using cached tzdata-2024.1-py2.py3-none-any.whl (345 kB)
Using cached six-1.16.0-py2.py3-none-any.whl (11 kB)
Installing collected packages: pytz, tzdata, six, numpy, python-dateutil, pandas
Successfully installed numpy-2.0.0 pandas-2.2.2 python-dateutil-2.9.0.post0 pytz-2024.1 six-1.16.0 tzdata-2024.1
Collecting scipy
  Using cached scipy-1.13.1-cp311-cp311-manylinux_2_17_x86_64.manylinux2014_x86_64.whl.metadata (60 kB)
Requirement already satisfied: numpy<2.3,>=1.22.4 in ./myenvtest/lib/python3.11/site-packages (from scipy) (2.0.0)
Using cached scipy-1.13.1-cp311-cp311-manylinux_2_17_x86_64.manylinux2014_x86_64.whl (38.6 MB)
Installing collected packages: scipy
Successfully installed scipy-1.13.1
Requirement already satisfied: numpy in ./myenvtest/lib/python3.11/site-packages (2.0.0)
Collecting faker
  Using cached Faker-25.9.1-py3-none-any.whl.metadata (15 kB)
Requirement already satisfied: python-dateutil>=2.4 in ./myenvtest/lib/python3.11/site-packages (from faker) (2.9.0.post0)
Requirement already satisfied: six>=1.5 in ./myenvtest/lib/python3.11/site-packages (from python-dateutil>=2.4->faker) (1.16.0)
Using cached Faker-25.9.1-py3-none-any.whl (1.8 MB)
Installing collected packages: faker
Successfully installed faker-25.9.1
Inserting 10000 words to the filter with 5 hash functions
Checking 10000 words in the filter with 5 hash functions
Inserting 20000 words to the filter with 5 hash functions
Checking 20000 words in the filter with 5 hash functions
Inserting 30000 words to the filter with 5 hash functions
Checking 30000 words in the filter with 5 hash functions
Inserting 40000 words to the filter with 5 hash functions
Checking 40000 words in the filter with 5 hash functions
Inserting 50000 words to the filter with 5 hash functions
Checking 50000 words in the filter with 5 hash functions
Inserting 60000 words to the filter with 5 hash functions
Checking 60000 words in the filter with 5 hash functions
Inserting 70000 words to the filter with 5 hash functions
Checking 70000 words in the filter with 5 hash functions
Inserting 80000 words to the filter with 5 hash functions
Checking 80000 words in the filter with 5 hash functions
Inserting 90000 words to the filter with 5 hash functions
Checking 90000 words in the filter with 5 hash functions
Inserting 100000 words to the filter with 5 hash functions
Checking 100000 words in the filter with 5 hash functions
Inserting 110000 words to the filter with 5 hash functions
Checking 110000 words in the filter with 5 hash functions
Inserting 120000 words to the filter with 5 hash functions
Checking 120000 words in the filter with 5 hash functions
Inserting 130000 words to the filter with 5 hash functions
Checking 130000 words in the filter with 5 hash functions
Inserting 140000 words to the filter with 5 hash functions
Checking 140000 words in the filter with 5 hash functions
Inserting 150000 words to the filter with 5 hash functions
Checking 150000 words in the filter with 5 hash functions
Inserting 160000 words to the filter with 5 hash functions
Checking 160000 words in the filter with 5 hash functions
Inserting 170000 words to the filter with 5 hash functions
Checking 170000 words in the filter with 5 hash functions
Inserting 180000 words to the filter with 5 hash functions
Checking 180000 words in the filter with 5 hash functions
Inserting 190000 words to the filter with 5 hash functions
Checking 190000 words in the filter with 5 hash functions
Inserting 200000 words to the filter with 5 hash functions
Checking 200000 words in the filter with 5 hash functions
Inserting 210000 words to the filter with 5 hash functions
Checking 210000 words in the filter with 5 hash functions
Inserting 220000 words to the filter with 5 hash functions
Checking 220000 words in the filter with 5 hash functions
Inserting 230000 words to the filter with 5 hash functions
Checking 230000 words in the filter with 5 hash functions
Inserting 240000 words to the filter with 5 hash functions
Checking 240000 words in the filter with 5 hash functions
Inserting 250000 words to the filter with 5 hash functions
Checking 250000 words in the filter with 5 hash functions
Inserting 260000 words to the filter with 5 hash functions
Checking 260000 words in the filter with 5 hash functions
Inserting 270000 words to the filter with 5 hash functions
Checking 270000 words in the filter with 5 hash functions
Inserting 280000 words to the filter with 5 hash functions
Checking 280000 words in the filter with 5 hash functions
Inserting 290000 words to the filter with 5 hash functions
Checking 290000 words in the filter with 5 hash functions
Inserting 300000 words to the filter with 5 hash functions
Checking 300000 words in the filter with 5 hash functions
Inserting 310000 words to the filter with 5 hash functions
Checking 310000 words in the filter with 5 hash functions
Inserting 320000 words to the filter with 5 hash functions
Checking 320000 words in the filter with 5 hash functions
Inserting 330000 words to the filter with 5 hash functions
Checking 330000 words in the filter with 5 hash functions
Inserting 340000 words to the filter with 5 hash functions
Checking 340000 words in the filter with 5 hash functions
Inserting 350000 words to the filter with 5 hash functions
Checking 350000 words in the filter with 5 hash functions
Inserting 360000 words to the filter with 5 hash functions
Checking 360000 words in the filter with 5 hash functions
Inserting 370000 words to the filter with 5 hash functions
Checking 370000 words in the filter with 5 hash functions
Inserting 380000 words to the filter with 5 hash functions
Checking 380000 words in the filter with 5 hash functions
Inserting 390000 words to the filter with 5 hash functions
Checking 390000 words in the filter with 5 hash functions
Inserting 400000 words to the filter with 5 hash functions
Checking 400000 words in the filter with 5 hash functions
Inserting 410000 words to the filter with 5 hash functions
Checking 410000 words in the filter with 5 hash functions
Inserting 420000 words to the filter with 5 hash functions
Checking 420000 words in the filter with 5 hash functions
Inserting 430000 words to the filter with 5 hash functions
Checking 430000 words in the filter with 5 hash functions
Inserting 440000 words to the filter with 5 hash functions
Checking 440000 words in the filter with 5 hash functions
Inserting 450000 words to the filter with 5 hash functions
Checking 450000 words in the filter with 5 hash functions
Inserting 460000 words to the filter with 5 hash functions
Checking 460000 words in the filter with 5 hash functions
Inserting 470000 words to the filter with 5 hash functions
Checking 470000 words in the filter with 5 hash functions
Inserting 480000 words to the filter with 5 hash functions
Checking 480000 words in the filter with 5 hash functions
Inserting 490000 words to the filter with 5 hash functions
Checking 490000 words in the filter with 5 hash functions
Inserting 500000 words to the filter with 5 hash functions
Checking 500000 words in the filter with 5 hash functions
Inserting 510000 words to the filter with 5 hash functions
Checking 510000 words in the filter with 5 hash functions
Inserting 520000 words to the filter with 5 hash functions
Checking 520000 words in the filter with 5 hash functions
Inserting 530000 words to the filter with 5 hash functions
Checking 530000 words in the filter with 5 hash functions
Inserting 540000 words to the filter with 5 hash functions
Checking 540000 words in the filter with 5 hash functions
Inserting 550000 words to the filter with 5 hash functions
Checking 550000 words in the filter with 5 hash functions
Inserting 560000 words to the filter with 5 hash functions
Checking 560000 words in the filter with 5 hash functions
Inserting 570000 words to the filter with 5 hash functions
Checking 570000 words in the filter with 5 hash functions
Inserting 580000 words to the filter with 5 hash functions
Checking 580000 words in the filter with 5 hash functions
Inserting 590000 words to the filter with 5 hash functions
Checking 590000 words in the filter with 5 hash functions
Inserting 600000 words to the filter with 5 hash functions
Checking 600000 words in the filter with 5 hash functions
Inserting 610000 words to the filter with 5 hash functions
Checking 610000 words in the filter with 5 hash functions
Inserting 620000 words to the filter with 5 hash functions
Checking 620000 words in the filter with 5 hash functions
Inserting 630000 words to the filter with 5 hash functions
Checking 630000 words in the filter with 5 hash functions
Inserting 640000 words to the filter with 5 hash functions
Checking 640000 words in the filter with 5 hash functions
Inserting 650000 words to the filter with 5 hash functions
Checking 650000 words in the filter with 5 hash functions
Inserting 660000 words to the filter with 5 hash functions
Checking 660000 words in the filter with 5 hash functions
Inserting 670000 words to the filter with 5 hash functions
Checking 670000 words in the filter with 5 hash functions
Inserting 680000 words to the filter with 5 hash functions
Checking 680000 words in the filter with 5 hash functions
Inserting 690000 words to the filter with 5 hash functions
Checking 690000 words in the filter with 5 hash functions
Inserting 700000 words to the filter with 5 hash functions
Checking 700000 words in the filter with 5 hash functions
Inserting 710000 words to the filter with 5 hash functions
Checking 710000 words in the filter with 5 hash functions
Inserting 720000 words to the filter with 5 hash functions
Checking 720000 words in the filter with 5 hash functions
Inserting 730000 words to the filter with 5 hash functions
Checking 730000 words in the filter with 5 hash functions
Inserting 740000 words to the filter with 5 hash functions
Checking 740000 words in the filter with 5 hash functions
Inserting 750000 words to the filter with 5 hash functions
Checking 750000 words in the filter with 5 hash functions
Inserting 760000 words to the filter with 5 hash functions
Checking 760000 words in the filter with 5 hash functions
Inserting 770000 words to the filter with 5 hash functions
Checking 770000 words in the filter with 5 hash functions
Inserting 780000 words to the filter with 5 hash functions
Checking 780000 words in the filter with 5 hash functions
Inserting 790000 words to the filter with 5 hash functions
Checking 790000 words in the filter with 5 hash functions
Inserting 800000 words to the filter with 5 hash functions
Checking 800000 words in the filter with 5 hash functions
Inserting 810000 words to the filter with 5 hash functions
Checking 810000 words in the filter with 5 hash functions
Inserting 820000 words to the filter with 5 hash functions
Checking 820000 words in the filter with 5 hash functions
Inserting 830000 words to the filter with 5 hash functions
Checking 830000 words in the filter with 5 hash functions
Inserting 840000 words to the filter with 5 hash functions
Checking 840000 words in the filter with 5 hash functions
Inserting 850000 words to the filter with 5 hash functions
Checking 850000 words in the filter with 5 hash functions
Inserting 860000 words to the filter with 5 hash functions
Checking 860000 words in the filter with 5 hash functions
Inserting 870000 words to the filter with 5 hash functions
Checking 870000 words in the filter with 5 hash functions
Inserting 880000 words to the filter with 5 hash functions
Checking 880000 words in the filter with 5 hash functions
Inserting 890000 words to the filter with 5 hash functions
Checking 890000 words in the filter with 5 hash functions
Inserting 900000 words to the filter with 5 hash functions
Checking 900000 words in the filter with 5 hash functions
Inserting 910000 words to the filter with 5 hash functions
Checking 910000 words in the filter with 5 hash functions
Inserting 920000 words to the filter with 5 hash functions
Checking 920000 words in the filter with 5 hash functions
Inserting 930000 words to the filter with 5 hash functions
Checking 930000 words in the filter with 5 hash functions
Inserting 940000 words to the filter with 5 hash functions
Checking 940000 words in the filter with 5 hash functions
Inserting 950000 words to the filter with 5 hash functions
Checking 950000 words in the filter with 5 hash functions
Inserting 960000 words to the filter with 5 hash functions
Checking 960000 words in the filter with 5 hash functions
Inserting 970000 words to the filter with 5 hash functions
Checking 970000 words in the filter with 5 hash functions
Inserting 980000 words to the filter with 5 hash functions
Checking 980000 words in the filter with 5 hash functions
Inserting 990000 words to the filter with 5 hash functions
Checking 990000 words in the filter with 5 hash functions
Inserting 1000000 words to the filter with 5 hash functions
Checking 1000000 words in the filter with 5 hash functions
Inserting 10000 words to the filter with 10 hash functions
Checking 10000 words in the filter with 10 hash functions
Inserting 20000 words to the filter with 10 hash functions
Checking 20000 words in the filter with 10 hash functions
Inserting 30000 words to the filter with 10 hash functions
Checking 30000 words in the filter with 10 hash functions
Inserting 40000 words to the filter with 10 hash functions
Checking 40000 words in the filter with 10 hash functions
Inserting 50000 words to the filter with 10 hash functions
Checking 50000 words in the filter with 10 hash functions
Inserting 60000 words to the filter with 10 hash functions
Checking 60000 words in the filter with 10 hash functions
Inserting 70000 words to the filter with 10 hash functions
Checking 70000 words in the filter with 10 hash functions
Inserting 80000 words to the filter with 10 hash functions
Checking 80000 words in the filter with 10 hash functions
Inserting 90000 words to the filter with 10 hash functions
Checking 90000 words in the filter with 10 hash functions
Inserting 100000 words to the filter with 10 hash functions
Checking 100000 words in the filter with 10 hash functions
Inserting 110000 words to the filter with 10 hash functions
Checking 110000 words in the filter with 10 hash functions
Inserting 120000 words to the filter with 10 hash functions
Checking 120000 words in the filter with 10 hash functions
Inserting 130000 words to the filter with 10 hash functions
Checking 130000 words in the filter with 10 hash functions
Inserting 140000 words to the filter with 10 hash functions
Checking 140000 words in the filter with 10 hash functions
Inserting 150000 words to the filter with 10 hash functions
Checking 150000 words in the filter with 10 hash functions
Inserting 160000 words to the filter with 10 hash functions
Checking 160000 words in the filter with 10 hash functions
Inserting 170000 words to the filter with 10 hash functions
Checking 170000 words in the filter with 10 hash functions
Inserting 180000 words to the filter with 10 hash functions
Checking 180000 words in the filter with 10 hash functions
Inserting 190000 words to the filter with 10 hash functions
Checking 190000 words in the filter with 10 hash functions
Inserting 200000 words to the filter with 10 hash functions
Checking 200000 words in the filter with 10 hash functions
Inserting 210000 words to the filter with 10 hash functions
Checking 210000 words in the filter with 10 hash functions
Inserting 220000 words to the filter with 10 hash functions
Checking 220000 words in the filter with 10 hash functions
Inserting 230000 words to the filter with 10 hash functions
Checking 230000 words in the filter with 10 hash functions
Inserting 240000 words to the filter with 10 hash functions
Checking 240000 words in the filter with 10 hash functions
Inserting 250000 words to the filter with 10 hash functions
Checking 250000 words in the filter with 10 hash functions
Inserting 260000 words to the filter with 10 hash functions
Checking 260000 words in the filter with 10 hash functions
Inserting 270000 words to the filter with 10 hash functions
Checking 270000 words in the filter with 10 hash functions
Inserting 280000 words to the filter with 10 hash functions
Checking 280000 words in the filter with 10 hash functions
Inserting 290000 words to the filter with 10 hash functions
Checking 290000 words in the filter with 10 hash functions
Inserting 300000 words to the filter with 10 hash functions
Checking 300000 words in the filter with 10 hash functions
Inserting 310000 words to the filter with 10 hash functions
Checking 310000 words in the filter with 10 hash functions
Inserting 320000 words to the filter with 10 hash functions
Checking 320000 words in the filter with 10 hash functions
Inserting 330000 words to the filter with 10 hash functions
Checking 330000 words in the filter with 10 hash functions
Inserting 340000 words to the filter with 10 hash functions
Checking 340000 words in the filter with 10 hash functions
Inserting 350000 words to the filter with 10 hash functions
Checking 350000 words in the filter with 10 hash functions
Inserting 360000 words to the filter with 10 hash functions
Checking 360000 words in the filter with 10 hash functions
Inserting 370000 words to the filter with 10 hash functions
Checking 370000 words in the filter with 10 hash functions
Inserting 380000 words to the filter with 10 hash functions
Checking 380000 words in the filter with 10 hash functions
Inserting 390000 words to the filter with 10 hash functions
Checking 390000 words in the filter with 10 hash functions
Inserting 400000 words to the filter with 10 hash functions
Checking 400000 words in the filter with 10 hash functions
Inserting 410000 words to the filter with 10 hash functions
Checking 410000 words in the filter with 10 hash functions
Inserting 420000 words to the filter with 10 hash functions
Checking 420000 words in the filter with 10 hash functions
Inserting 430000 words to the filter with 10 hash functions
Checking 430000 words in the filter with 10 hash functions
Inserting 440000 words to the filter with 10 hash functions
Checking 440000 words in the filter with 10 hash functions
Inserting 450000 words to the filter with 10 hash functions
Checking 450000 words in the filter with 10 hash functions
Inserting 460000 words to the filter with 10 hash functions
Checking 460000 words in the filter with 10 hash functions
Inserting 470000 words to the filter with 10 hash functions
Checking 470000 words in the filter with 10 hash functions
Inserting 480000 words to the filter with 10 hash functions
Checking 480000 words in the filter with 10 hash functions
Inserting 490000 words to the filter with 10 hash functions
Checking 490000 words in the filter with 10 hash functions
Inserting 500000 words to the filter with 10 hash functions
Checking 500000 words in the filter with 10 hash functions
Inserting 510000 words to the filter with 10 hash functions
Checking 510000 words in the filter with 10 hash functions
Inserting 520000 words to the filter with 10 hash functions
Checking 520000 words in the filter with 10 hash functions
Inserting 530000 words to the filter with 10 hash functions
Checking 530000 words in the filter with 10 hash functions
Inserting 540000 words to the filter with 10 hash functions
Checking 540000 words in the filter with 10 hash functions
Inserting 550000 words to the filter with 10 hash functions
Checking 550000 words in the filter with 10 hash functions
Inserting 560000 words to the filter with 10 hash functions
Checking 560000 words in the filter with 10 hash functions
Inserting 570000 words to the filter with 10 hash functions
Checking 570000 words in the filter with 10 hash functions
Inserting 580000 words to the filter with 10 hash functions
Checking 580000 words in the filter with 10 hash functions
Inserting 590000 words to the filter with 10 hash functions
Checking 590000 words in the filter with 10 hash functions
Inserting 600000 words to the filter with 10 hash functions
Checking 600000 words in the filter with 10 hash functions
Inserting 610000 words to the filter with 10 hash functions
Checking 610000 words in the filter with 10 hash functions
Inserting 620000 words to the filter with 10 hash functions
Checking 620000 words in the filter with 10 hash functions
Inserting 630000 words to the filter with 10 hash functions
Checking 630000 words in the filter with 10 hash functions
Inserting 640000 words to the filter with 10 hash functions
Checking 640000 words in the filter with 10 hash functions
Inserting 650000 words to the filter with 10 hash functions
Checking 650000 words in the filter with 10 hash functions
Inserting 660000 words to the filter with 10 hash functions
Checking 660000 words in the filter with 10 hash functions
Inserting 670000 words to the filter with 10 hash functions
Checking 670000 words in the filter with 10 hash functions
Inserting 680000 words to the filter with 10 hash functions
Checking 680000 words in the filter with 10 hash functions
Inserting 690000 words to the filter with 10 hash functions
Checking 690000 words in the filter with 10 hash functions
Inserting 700000 words to the filter with 10 hash functions
Checking 700000 words in the filter with 10 hash functions
Inserting 710000 words to the filter with 10 hash functions
Checking 710000 words in the filter with 10 hash functions
Inserting 720000 words to the filter with 10 hash functions
Checking 720000 words in the filter with 10 hash functions
Inserting 730000 words to the filter with 10 hash functions
Checking 730000 words in the filter with 10 hash functions
Inserting 740000 words to the filter with 10 hash functions
Checking 740000 words in the filter with 10 hash functions
Inserting 750000 words to the filter with 10 hash functions
Checking 750000 words in the filter with 10 hash functions
Inserting 760000 words to the filter with 10 hash functions
Checking 760000 words in the filter with 10 hash functions
Inserting 770000 words to the filter with 10 hash functions
Checking 770000 words in the filter with 10 hash functions
Inserting 780000 words to the filter with 10 hash functions
Checking 780000 words in the filter with 10 hash functions
Inserting 790000 words to the filter with 10 hash functions
Checking 790000 words in the filter with 10 hash functions
Inserting 800000 words to the filter with 10 hash functions
Checking 800000 words in the filter with 10 hash functions
Inserting 810000 words to the filter with 10 hash functions
Checking 810000 words in the filter with 10 hash functions
Inserting 820000 words to the filter with 10 hash functions
Checking 820000 words in the filter with 10 hash functions
Inserting 830000 words to the filter with 10 hash functions
Checking 830000 words in the filter with 10 hash functions
Inserting 840000 words to the filter with 10 hash functions
Checking 840000 words in the filter with 10 hash functions
Inserting 850000 words to the filter with 10 hash functions
Checking 850000 words in the filter with 10 hash functions
Inserting 860000 words to the filter with 10 hash functions
Checking 860000 words in the filter with 10 hash functions
Inserting 870000 words to the filter with 10 hash functions
Checking 870000 words in the filter with 10 hash functions
Inserting 880000 words to the filter with 10 hash functions
Checking 880000 words in the filter with 10 hash functions
Inserting 890000 words to the filter with 10 hash functions
Checking 890000 words in the filter with 10 hash functions
Inserting 900000 words to the filter with 10 hash functions
Checking 900000 words in the filter with 10 hash functions
Inserting 910000 words to the filter with 10 hash functions
Checking 910000 words in the filter with 10 hash functions
Inserting 920000 words to the filter with 10 hash functions
Checking 920000 words in the filter with 10 hash functions
Inserting 930000 words to the filter with 10 hash functions
Checking 930000 words in the filter with 10 hash functions
Inserting 940000 words to the filter with 10 hash functions
Checking 940000 words in the filter with 10 hash functions
Inserting 950000 words to the filter with 10 hash functions
Checking 950000 words in the filter with 10 hash functions
Inserting 960000 words to the filter with 10 hash functions
Checking 960000 words in the filter with 10 hash functions
Inserting 970000 words to the filter with 10 hash functions
Checking 970000 words in the filter with 10 hash functions
Inserting 980000 words to the filter with 10 hash functions
Checking 980000 words in the filter with 10 hash functions
Inserting 990000 words to the filter with 10 hash functions
Checking 990000 words in the filter with 10 hash functions
Inserting 1000000 words to the filter with 10 hash functions
Checking 1000000 words in the filter with 10 hash functions
Inserting 10000 words to the filter with 15 hash functions
Checking 10000 words in the filter with 15 hash functions
Inserting 20000 words to the filter with 15 hash functions
Checking 20000 words in the filter with 15 hash functions
Inserting 30000 words to the filter with 15 hash functions
Checking 30000 words in the filter with 15 hash functions
Inserting 40000 words to the filter with 15 hash functions
Checking 40000 words in the filter with 15 hash functions
Inserting 50000 words to the filter with 15 hash functions
Checking 50000 words in the filter with 15 hash functions
Inserting 60000 words to the filter with 15 hash functions
Checking 60000 words in the filter with 15 hash functions
Inserting 70000 words to the filter with 15 hash functions
Checking 70000 words in the filter with 15 hash functions
Inserting 80000 words to the filter with 15 hash functions
Checking 80000 words in the filter with 15 hash functions
Inserting 90000 words to the filter with 15 hash functions
Checking 90000 words in the filter with 15 hash functions
Inserting 100000 words to the filter with 15 hash functions
Checking 100000 words in the filter with 15 hash functions
Inserting 110000 words to the filter with 15 hash functions
Checking 110000 words in the filter with 15 hash functions
Inserting 120000 words to the filter with 15 hash functions
Checking 120000 words in the filter with 15 hash functions
Inserting 130000 words to the filter with 15 hash functions
Checking 130000 words in the filter with 15 hash functions
Inserting 140000 words to the filter with 15 hash functions
Checking 140000 words in the filter with 15 hash functions
Inserting 150000 words to the filter with 15 hash functions
Checking 150000 words in the filter with 15 hash functions
Inserting 160000 words to the filter with 15 hash functions
Checking 160000 words in the filter with 15 hash functions
Inserting 170000 words to the filter with 15 hash functions
Checking 170000 words in the filter with 15 hash functions
Inserting 180000 words to the filter with 15 hash functions
Checking 180000 words in the filter with 15 hash functions
Inserting 190000 words to the filter with 15 hash functions
Checking 190000 words in the filter with 15 hash functions
Inserting 200000 words to the filter with 15 hash functions
Checking 200000 words in the filter with 15 hash functions
Inserting 210000 words to the filter with 15 hash functions
Checking 210000 words in the filter with 15 hash functions
Inserting 220000 words to the filter with 15 hash functions
Checking 220000 words in the filter with 15 hash functions
Inserting 230000 words to the filter with 15 hash functions
Checking 230000 words in the filter with 15 hash functions
Inserting 240000 words to the filter with 15 hash functions
Checking 240000 words in the filter with 15 hash functions
Inserting 250000 words to the filter with 15 hash functions
Checking 250000 words in the filter with 15 hash functions
Inserting 260000 words to the filter with 15 hash functions
Checking 260000 words in the filter with 15 hash functions
Inserting 270000 words to the filter with 15 hash functions
Checking 270000 words in the filter with 15 hash functions
Inserting 280000 words to the filter with 15 hash functions
Checking 280000 words in the filter with 15 hash functions
Inserting 290000 words to the filter with 15 hash functions
Checking 290000 words in the filter with 15 hash functions
Inserting 300000 words to the filter with 15 hash functions
Checking 300000 words in the filter with 15 hash functions
Inserting 310000 words to the filter with 15 hash functions
Checking 310000 words in the filter with 15 hash functions
Inserting 320000 words to the filter with 15 hash functions
Checking 320000 words in the filter with 15 hash functions
Inserting 330000 words to the filter with 15 hash functions
Checking 330000 words in the filter with 15 hash functions
Inserting 340000 words to the filter with 15 hash functions
Checking 340000 words in the filter with 15 hash functions
Inserting 350000 words to the filter with 15 hash functions
Checking 350000 words in the filter with 15 hash functions
Inserting 360000 words to the filter with 15 hash functions
Checking 360000 words in the filter with 15 hash functions
Inserting 370000 words to the filter with 15 hash functions
Checking 370000 words in the filter with 15 hash functions
Inserting 380000 words to the filter with 15 hash functions
Checking 380000 words in the filter with 15 hash functions
Inserting 390000 words to the filter with 15 hash functions
Checking 390000 words in the filter with 15 hash functions
Inserting 400000 words to the filter with 15 hash functions
Checking 400000 words in the filter with 15 hash functions
Inserting 410000 words to the filter with 15 hash functions
Checking 410000 words in the filter with 15 hash functions
Inserting 420000 words to the filter with 15 hash functions
Checking 420000 words in the filter with 15 hash functions
Inserting 430000 words to the filter with 15 hash functions
Checking 430000 words in the filter with 15 hash functions
Inserting 440000 words to the filter with 15 hash functions
Checking 440000 words in the filter with 15 hash functions
Inserting 450000 words to the filter with 15 hash functions
Checking 450000 words in the filter with 15 hash functions
Inserting 460000 words to the filter with 15 hash functions
Checking 460000 words in the filter with 15 hash functions
Inserting 470000 words to the filter with 15 hash functions
Checking 470000 words in the filter with 15 hash functions
Inserting 480000 words to the filter with 15 hash functions
Checking 480000 words in the filter with 15 hash functions
Inserting 490000 words to the filter with 15 hash functions
Checking 490000 words in the filter with 15 hash functions
Inserting 500000 words to the filter with 15 hash functions
Checking 500000 words in the filter with 15 hash functions
Inserting 510000 words to the filter with 15 hash functions
Checking 510000 words in the filter with 15 hash functions
Inserting 520000 words to the filter with 15 hash functions
Checking 520000 words in the filter with 15 hash functions
Inserting 530000 words to the filter with 15 hash functions
Checking 530000 words in the filter with 15 hash functions
Inserting 540000 words to the filter with 15 hash functions
Checking 540000 words in the filter with 15 hash functions
Inserting 550000 words to the filter with 15 hash functions
Checking 550000 words in the filter with 15 hash functions
Inserting 560000 words to the filter with 15 hash functions
Checking 560000 words in the filter with 15 hash functions
Inserting 570000 words to the filter with 15 hash functions
Checking 570000 words in the filter with 15 hash functions
Inserting 580000 words to the filter with 15 hash functions
Checking 580000 words in the filter with 15 hash functions
Inserting 590000 words to the filter with 15 hash functions
Checking 590000 words in the filter with 15 hash functions
Inserting 600000 words to the filter with 15 hash functions
Checking 600000 words in the filter with 15 hash functions
Inserting 610000 words to the filter with 15 hash functions
Checking 610000 words in the filter with 15 hash functions
Inserting 620000 words to the filter with 15 hash functions
Checking 620000 words in the filter with 15 hash functions
Inserting 630000 words to the filter with 15 hash functions
Checking 630000 words in the filter with 15 hash functions
Inserting 640000 words to the filter with 15 hash functions
Checking 640000 words in the filter with 15 hash functions
Inserting 650000 words to the filter with 15 hash functions
Checking 650000 words in the filter with 15 hash functions
Inserting 660000 words to the filter with 15 hash functions
Checking 660000 words in the filter with 15 hash functions
Inserting 670000 words to the filter with 15 hash functions
Checking 670000 words in the filter with 15 hash functions
Inserting 680000 words to the filter with 15 hash functions
Checking 680000 words in the filter with 15 hash functions
Inserting 690000 words to the filter with 15 hash functions
Checking 690000 words in the filter with 15 hash functions
Inserting 700000 words to the filter with 15 hash functions
Checking 700000 words in the filter with 15 hash functions
Inserting 710000 words to the filter with 15 hash functions
Checking 710000 words in the filter with 15 hash functions
Inserting 720000 words to the filter with 15 hash functions
Checking 720000 words in the filter with 15 hash functions
Inserting 730000 words to the filter with 15 hash functions
Checking 730000 words in the filter with 15 hash functions
Inserting 740000 words to the filter with 15 hash functions
Checking 740000 words in the filter with 15 hash functions
Inserting 750000 words to the filter with 15 hash functions
Checking 750000 words in the filter with 15 hash functions
Inserting 760000 words to the filter with 15 hash functions
Checking 760000 words in the filter with 15 hash functions
Inserting 770000 words to the filter with 15 hash functions
Checking 770000 words in the filter with 15 hash functions
Inserting 780000 words to the filter with 15 hash functions
Checking 780000 words in the filter with 15 hash functions
Inserting 790000 words to the filter with 15 hash functions
Checking 790000 words in the filter with 15 hash functions
Inserting 800000 words to the filter with 15 hash functions
Checking 800000 words in the filter with 15 hash functions
Inserting 810000 words to the filter with 15 hash functions
Checking 810000 words in the filter with 15 hash functions
Inserting 820000 words to the filter with 15 hash functions
Checking 820000 words in the filter with 15 hash functions
Inserting 830000 words to the filter with 15 hash functions
Checking 830000 words in the filter with 15 hash functions
Inserting 840000 words to the filter with 15 hash functions
Checking 840000 words in the filter with 15 hash functions
Inserting 850000 words to the filter with 15 hash functions
Checking 850000 words in the filter with 15 hash functions
Inserting 860000 words to the filter with 15 hash functions
Checking 860000 words in the filter with 15 hash functions
Inserting 870000 words to the filter with 15 hash functions
Checking 870000 words in the filter with 15 hash functions
Inserting 880000 words to the filter with 15 hash functions
Checking 880000 words in the filter with 15 hash functions
Inserting 890000 words to the filter with 15 hash functions
Checking 890000 words in the filter with 15 hash functions
Inserting 900000 words to the filter with 15 hash functions
Checking 900000 words in the filter with 15 hash functions
Inserting 910000 words to the filter with 15 hash functions
Checking 910000 words in the filter with 15 hash functions
Inserting 920000 words to the filter with 15 hash functions
Checking 920000 words in the filter with 15 hash functions
Inserting 930000 words to the filter with 15 hash functions
Checking 930000 words in the filter with 15 hash functions
Inserting 940000 words to the filter with 15 hash functions
Checking 940000 words in the filter with 15 hash functions
Inserting 950000 words to the filter with 15 hash functions
Checking 950000 words in the filter with 15 hash functions
Inserting 960000 words to the filter with 15 hash functions
Checking 960000 words in the filter with 15 hash functions
Inserting 970000 words to the filter with 15 hash functions
Checking 970000 words in the filter with 15 hash functions
Inserting 980000 words to the filter with 15 hash functions
Checking 980000 words in the filter with 15 hash functions
Inserting 990000 words to the filter with 15 hash functions
Checking 990000 words in the filter with 15 hash functions
Inserting 1000000 words to the filter with 15 hash functions
Checking 1000000 words in the filter with 15 hash functions
Inserting 10000 words to the filter with 20 hash functions
Checking 10000 words in the filter with 20 hash functions
Inserting 20000 words to the filter with 20 hash functions
Checking 20000 words in the filter with 20 hash functions
Inserting 30000 words to the filter with 20 hash functions
Checking 30000 words in the filter with 20 hash functions
Inserting 40000 words to the filter with 20 hash functions
Checking 40000 words in the filter with 20 hash functions
Inserting 50000 words to the filter with 20 hash functions
Checking 50000 words in the filter with 20 hash functions
Inserting 60000 words to the filter with 20 hash functions
Checking 60000 words in the filter with 20 hash functions
Inserting 70000 words to the filter with 20 hash functions
Checking 70000 words in the filter with 20 hash functions
Inserting 80000 words to the filter with 20 hash functions
Checking 80000 words in the filter with 20 hash functions
Inserting 90000 words to the filter with 20 hash functions
Checking 90000 words in the filter with 20 hash functions
Inserting 100000 words to the filter with 20 hash functions
Checking 100000 words in the filter with 20 hash functions
Inserting 110000 words to the filter with 20 hash functions
Checking 110000 words in the filter with 20 hash functions
Inserting 120000 words to the filter with 20 hash functions
Checking 120000 words in the filter with 20 hash functions
Inserting 130000 words to the filter with 20 hash functions
Checking 130000 words in the filter with 20 hash functions
Inserting 140000 words to the filter with 20 hash functions
Checking 140000 words in the filter with 20 hash functions
Inserting 150000 words to the filter with 20 hash functions
Checking 150000 words in the filter with 20 hash functions
Inserting 160000 words to the filter with 20 hash functions
Checking 160000 words in the filter with 20 hash functions
Inserting 170000 words to the filter with 20 hash functions
Checking 170000 words in the filter with 20 hash functions
Inserting 180000 words to the filter with 20 hash functions
Checking 180000 words in the filter with 20 hash functions
Inserting 190000 words to the filter with 20 hash functions
Checking 190000 words in the filter with 20 hash functions
Inserting 200000 words to the filter with 20 hash functions
Checking 200000 words in the filter with 20 hash functions
Inserting 210000 words to the filter with 20 hash functions
Checking 210000 words in the filter with 20 hash functions
Inserting 220000 words to the filter with 20 hash functions
Checking 220000 words in the filter with 20 hash functions
Inserting 230000 words to the filter with 20 hash functions
Checking 230000 words in the filter with 20 hash functions
Inserting 240000 words to the filter with 20 hash functions
Checking 240000 words in the filter with 20 hash functions
Inserting 250000 words to the filter with 20 hash functions
Checking 250000 words in the filter with 20 hash functions
Inserting 260000 words to the filter with 20 hash functions
Checking 260000 words in the filter with 20 hash functions
Inserting 270000 words to the filter with 20 hash functions
Checking 270000 words in the filter with 20 hash functions
Inserting 280000 words to the filter with 20 hash functions
Checking 280000 words in the filter with 20 hash functions
Inserting 290000 words to the filter with 20 hash functions
Checking 290000 words in the filter with 20 hash functions
Inserting 300000 words to the filter with 20 hash functions
Checking 300000 words in the filter with 20 hash functions
Inserting 310000 words to the filter with 20 hash functions
Checking 310000 words in the filter with 20 hash functions
Inserting 320000 words to the filter with 20 hash functions
Checking 320000 words in the filter with 20 hash functions
Inserting 330000 words to the filter with 20 hash functions
Checking 330000 words in the filter with 20 hash functions
Inserting 340000 words to the filter with 20 hash functions
Checking 340000 words in the filter with 20 hash functions
Inserting 350000 words to the filter with 20 hash functions
Checking 350000 words in the filter with 20 hash functions
Inserting 360000 words to the filter with 20 hash functions
Checking 360000 words in the filter with 20 hash functions
Inserting 370000 words to the filter with 20 hash functions
Checking 370000 words in the filter with 20 hash functions
Inserting 380000 words to the filter with 20 hash functions
Checking 380000 words in the filter with 20 hash functions
Inserting 390000 words to the filter with 20 hash functions
Checking 390000 words in the filter with 20 hash functions
Inserting 400000 words to the filter with 20 hash functions
Checking 400000 words in the filter with 20 hash functions
Inserting 410000 words to the filter with 20 hash functions
Checking 410000 words in the filter with 20 hash functions
Inserting 420000 words to the filter with 20 hash functions
Checking 420000 words in the filter with 20 hash functions
Inserting 430000 words to the filter with 20 hash functions
Checking 430000 words in the filter with 20 hash functions
Inserting 440000 words to the filter with 20 hash functions
Checking 440000 words in the filter with 20 hash functions
Inserting 450000 words to the filter with 20 hash functions
Checking 450000 words in the filter with 20 hash functions
Inserting 460000 words to the filter with 20 hash functions
Checking 460000 words in the filter with 20 hash functions
Inserting 470000 words to the filter with 20 hash functions
Checking 470000 words in the filter with 20 hash functions
Inserting 480000 words to the filter with 20 hash functions
Checking 480000 words in the filter with 20 hash functions
Inserting 490000 words to the filter with 20 hash functions
Checking 490000 words in the filter with 20 hash functions
Inserting 500000 words to the filter with 20 hash functions
Checking 500000 words in the filter with 20 hash functions
Inserting 510000 words to the filter with 20 hash functions
Checking 510000 words in the filter with 20 hash functions
Inserting 520000 words to the filter with 20 hash functions
Checking 520000 words in the filter with 20 hash functions
Inserting 530000 words to the filter with 20 hash functions
Checking 530000 words in the filter with 20 hash functions
Inserting 540000 words to the filter with 20 hash functions
Checking 540000 words in the filter with 20 hash functions
Inserting 550000 words to the filter with 20 hash functions
Checking 550000 words in the filter with 20 hash functions
Inserting 560000 words to the filter with 20 hash functions
Checking 560000 words in the filter with 20 hash functions
Inserting 570000 words to the filter with 20 hash functions
Checking 570000 words in the filter with 20 hash functions
Inserting 580000 words to the filter with 20 hash functions
Checking 580000 words in the filter with 20 hash functions
Inserting 590000 words to the filter with 20 hash functions
Checking 590000 words in the filter with 20 hash functions
Inserting 600000 words to the filter with 20 hash functions
Checking 600000 words in the filter with 20 hash functions
Inserting 610000 words to the filter with 20 hash functions
Checking 610000 words in the filter with 20 hash functions
Inserting 620000 words to the filter with 20 hash functions
Checking 620000 words in the filter with 20 hash functions
Inserting 630000 words to the filter with 20 hash functions
Checking 630000 words in the filter with 20 hash functions
Inserting 640000 words to the filter with 20 hash functions
Checking 640000 words in the filter with 20 hash functions
Inserting 650000 words to the filter with 20 hash functions
Checking 650000 words in the filter with 20 hash functions
Inserting 660000 words to the filter with 20 hash functions
Checking 660000 words in the filter with 20 hash functions
Inserting 670000 words to the filter with 20 hash functions
Checking 670000 words in the filter with 20 hash functions
Inserting 680000 words to the filter with 20 hash functions
Checking 680000 words in the filter with 20 hash functions
Inserting 690000 words to the filter with 20 hash functions
Checking 690000 words in the filter with 20 hash functions
Inserting 700000 words to the filter with 20 hash functions
Checking 700000 words in the filter with 20 hash functions
Inserting 710000 words to the filter with 20 hash functions
Checking 710000 words in the filter with 20 hash functions
Inserting 720000 words to the filter with 20 hash functions
Checking 720000 words in the filter with 20 hash functions
Inserting 730000 words to the filter with 20 hash functions
Checking 730000 words in the filter with 20 hash functions
Inserting 740000 words to the filter with 20 hash functions
Checking 740000 words in the filter with 20 hash functions
Inserting 750000 words to the filter with 20 hash functions
Checking 750000 words in the filter with 20 hash functions
Inserting 760000 words to the filter with 20 hash functions
Checking 760000 words in the filter with 20 hash functions
Inserting 770000 words to the filter with 20 hash functions
Checking 770000 words in the filter with 20 hash functions
Inserting 780000 words to the filter with 20 hash functions
Checking 780000 words in the filter with 20 hash functions
Inserting 790000 words to the filter with 20 hash functions
Checking 790000 words in the filter with 20 hash functions
Inserting 800000 words to the filter with 20 hash functions
Checking 800000 words in the filter with 20 hash functions
Inserting 810000 words to the filter with 20 hash functions
Checking 810000 words in the filter with 20 hash functions
Inserting 820000 words to the filter with 20 hash functions
Checking 820000 words in the filter with 20 hash functions
Inserting 830000 words to the filter with 20 hash functions
Checking 830000 words in the filter with 20 hash functions
Inserting 840000 words to the filter with 20 hash functions
Checking 840000 words in the filter with 20 hash functions
Inserting 850000 words to the filter with 20 hash functions
Checking 850000 words in the filter with 20 hash functions
Inserting 860000 words to the filter with 20 hash functions
Checking 860000 words in the filter with 20 hash functions
Inserting 870000 words to the filter with 20 hash functions
Checking 870000 words in the filter with 20 hash functions
Inserting 880000 words to the filter with 20 hash functions
Checking 880000 words in the filter with 20 hash functions
Inserting 890000 words to the filter with 20 hash functions
Checking 890000 words in the filter with 20 hash functions
Inserting 900000 words to the filter with 20 hash functions
Checking 900000 words in the filter with 20 hash functions
Inserting 910000 words to the filter with 20 hash functions
Checking 910000 words in the filter with 20 hash functions
Inserting 920000 words to the filter with 20 hash functions
Checking 920000 words in the filter with 20 hash functions
Inserting 930000 words to the filter with 20 hash functions
Checking 930000 words in the filter with 20 hash functions
Inserting 940000 words to the filter with 20 hash functions
Checking 940000 words in the filter with 20 hash functions
Inserting 950000 words to the filter with 20 hash functions
Checking 950000 words in the filter with 20 hash functions
Inserting 960000 words to the filter with 20 hash functions
Checking 960000 words in the filter with 20 hash functions
Inserting 970000 words to the filter with 20 hash functions
Checking 970000 words in the filter with 20 hash functions
Inserting 980000 words to the filter with 20 hash functions
Checking 980000 words in the filter with 20 hash functions
Inserting 990000 words to the filter with 20 hash functions
Checking 990000 words in the filter with 20 hash functions
Inserting 1000000 words to the filter with 20 hash functions
Checking 1000000 words in the filter with 20 hash functions
Inserting 10000 words to the filter with 25 hash functions
Checking 10000 words in the filter with 25 hash functions
Inserting 20000 words to the filter with 25 hash functions
Checking 20000 words in the filter with 25 hash functions
Inserting 30000 words to the filter with 25 hash functions
Checking 30000 words in the filter with 25 hash functions
Inserting 40000 words to the filter with 25 hash functions
Checking 40000 words in the filter with 25 hash functions
Inserting 50000 words to the filter with 25 hash functions
Checking 50000 words in the filter with 25 hash functions
Inserting 60000 words to the filter with 25 hash functions
Checking 60000 words in the filter with 25 hash functions
Inserting 70000 words to the filter with 25 hash functions
Checking 70000 words in the filter with 25 hash functions
Inserting 80000 words to the filter with 25 hash functions
Checking 80000 words in the filter with 25 hash functions
Inserting 90000 words to the filter with 25 hash functions
Checking 90000 words in the filter with 25 hash functions
Inserting 100000 words to the filter with 25 hash functions
Checking 100000 words in the filter with 25 hash functions
Inserting 110000 words to the filter with 25 hash functions
Checking 110000 words in the filter with 25 hash functions
Inserting 120000 words to the filter with 25 hash functions
Checking 120000 words in the filter with 25 hash functions
Inserting 130000 words to the filter with 25 hash functions
Checking 130000 words in the filter with 25 hash functions
Inserting 140000 words to the filter with 25 hash functions
Checking 140000 words in the filter with 25 hash functions
Inserting 150000 words to the filter with 25 hash functions
Checking 150000 words in the filter with 25 hash functions
Inserting 160000 words to the filter with 25 hash functions
Checking 160000 words in the filter with 25 hash functions
Inserting 170000 words to the filter with 25 hash functions
Checking 170000 words in the filter with 25 hash functions
Inserting 180000 words to the filter with 25 hash functions
Checking 180000 words in the filter with 25 hash functions
Inserting 190000 words to the filter with 25 hash functions
Checking 190000 words in the filter with 25 hash functions
Inserting 200000 words to the filter with 25 hash functions
Checking 200000 words in the filter with 25 hash functions
Inserting 210000 words to the filter with 25 hash functions
Checking 210000 words in the filter with 25 hash functions
Inserting 220000 words to the filter with 25 hash functions
Checking 220000 words in the filter with 25 hash functions
Inserting 230000 words to the filter with 25 hash functions
Checking 230000 words in the filter with 25 hash functions
Inserting 240000 words to the filter with 25 hash functions
Checking 240000 words in the filter with 25 hash functions
Inserting 250000 words to the filter with 25 hash functions
Checking 250000 words in the filter with 25 hash functions
Inserting 260000 words to the filter with 25 hash functions
Checking 260000 words in the filter with 25 hash functions
Inserting 270000 words to the filter with 25 hash functions
Checking 270000 words in the filter with 25 hash functions
Inserting 280000 words to the filter with 25 hash functions
Checking 280000 words in the filter with 25 hash functions
Inserting 290000 words to the filter with 25 hash functions
Checking 290000 words in the filter with 25 hash functions
Inserting 300000 words to the filter with 25 hash functions
Checking 300000 words in the filter with 25 hash functions
Inserting 310000 words to the filter with 25 hash functions
Checking 310000 words in the filter with 25 hash functions
Inserting 320000 words to the filter with 25 hash functions
Checking 320000 words in the filter with 25 hash functions
Inserting 330000 words to the filter with 25 hash functions
Checking 330000 words in the filter with 25 hash functions
Inserting 340000 words to the filter with 25 hash functions
Checking 340000 words in the filter with 25 hash functions
Inserting 350000 words to the filter with 25 hash functions
Checking 350000 words in the filter with 25 hash functions
Inserting 360000 words to the filter with 25 hash functions
Checking 360000 words in the filter with 25 hash functions
Inserting 370000 words to the filter with 25 hash functions
Checking 370000 words in the filter with 25 hash functions
Inserting 380000 words to the filter with 25 hash functions
Checking 380000 words in the filter with 25 hash functions
Inserting 390000 words to the filter with 25 hash functions
Checking 390000 words in the filter with 25 hash functions
Inserting 400000 words to the filter with 25 hash functions
Checking 400000 words in the filter with 25 hash functions
Inserting 410000 words to the filter with 25 hash functions
Checking 410000 words in the filter with 25 hash functions
Inserting 420000 words to the filter with 25 hash functions
Checking 420000 words in the filter with 25 hash functions
Inserting 430000 words to the filter with 25 hash functions
Checking 430000 words in the filter with 25 hash functions
Inserting 440000 words to the filter with 25 hash functions
Checking 440000 words in the filter with 25 hash functions
Inserting 450000 words to the filter with 25 hash functions
Checking 450000 words in the filter with 25 hash functions
Inserting 460000 words to the filter with 25 hash functions
Checking 460000 words in the filter with 25 hash functions
Inserting 470000 words to the filter with 25 hash functions
Checking 470000 words in the filter with 25 hash functions
Inserting 480000 words to the filter with 25 hash functions
Checking 480000 words in the filter with 25 hash functions
Inserting 490000 words to the filter with 25 hash functions
Checking 490000 words in the filter with 25 hash functions
Inserting 500000 words to the filter with 25 hash functions
Checking 500000 words in the filter with 25 hash functions
Inserting 510000 words to the filter with 25 hash functions
Checking 510000 words in the filter with 25 hash functions
Inserting 520000 words to the filter with 25 hash functions
Checking 520000 words in the filter with 25 hash functions
Inserting 530000 words to the filter with 25 hash functions
Checking 530000 words in the filter with 25 hash functions
Inserting 540000 words to the filter with 25 hash functions
Checking 540000 words in the filter with 25 hash functions
Inserting 550000 words to the filter with 25 hash functions
Checking 550000 words in the filter with 25 hash functions
Inserting 560000 words to the filter with 25 hash functions
Checking 560000 words in the filter with 25 hash functions
Inserting 570000 words to the filter with 25 hash functions
Checking 570000 words in the filter with 25 hash functions
Inserting 580000 words to the filter with 25 hash functions
Checking 580000 words in the filter with 25 hash functions
Inserting 590000 words to the filter with 25 hash functions
Checking 590000 words in the filter with 25 hash functions
Inserting 600000 words to the filter with 25 hash functions
Checking 600000 words in the filter with 25 hash functions
Inserting 610000 words to the filter with 25 hash functions
Checking 610000 words in the filter with 25 hash functions
Inserting 620000 words to the filter with 25 hash functions
Checking 620000 words in the filter with 25 hash functions
Inserting 630000 words to the filter with 25 hash functions
Checking 630000 words in the filter with 25 hash functions
Inserting 640000 words to the filter with 25 hash functions
Checking 640000 words in the filter with 25 hash functions
Inserting 650000 words to the filter with 25 hash functions
Checking 650000 words in the filter with 25 hash functions
Inserting 660000 words to the filter with 25 hash functions
Checking 660000 words in the filter with 25 hash functions
Inserting 670000 words to the filter with 25 hash functions
Checking 670000 words in the filter with 25 hash functions
Inserting 680000 words to the filter with 25 hash functions
Checking 680000 words in the filter with 25 hash functions
Inserting 690000 words to the filter with 25 hash functions
Checking 690000 words in the filter with 25 hash functions
Inserting 700000 words to the filter with 25 hash functions
Checking 700000 words in the filter with 25 hash functions
Inserting 710000 words to the filter with 25 hash functions
Checking 710000 words in the filter with 25 hash functions
Inserting 720000 words to the filter with 25 hash functions
Checking 720000 words in the filter with 25 hash functions
Inserting 730000 words to the filter with 25 hash functions
Checking 730000 words in the filter with 25 hash functions
Inserting 740000 words to the filter with 25 hash functions
Checking 740000 words in the filter with 25 hash functions
Inserting 750000 words to the filter with 25 hash functions
Checking 750000 words in the filter with 25 hash functions
Inserting 760000 words to the filter with 25 hash functions
Checking 760000 words in the filter with 25 hash functions
Inserting 770000 words to the filter with 25 hash functions
Checking 770000 words in the filter with 25 hash functions
Inserting 780000 words to the filter with 25 hash functions
Checking 780000 words in the filter with 25 hash functions
Inserting 790000 words to the filter with 25 hash functions
Checking 790000 words in the filter with 25 hash functions
Inserting 800000 words to the filter with 25 hash functions
Checking 800000 words in the filter with 25 hash functions
Inserting 810000 words to the filter with 25 hash functions
Checking 810000 words in the filter with 25 hash functions
Inserting 820000 words to the filter with 25 hash functions
Checking 820000 words in the filter with 25 hash functions
Inserting 830000 words to the filter with 25 hash functions
Checking 830000 words in the filter with 25 hash functions
Inserting 840000 words to the filter with 25 hash functions
Checking 840000 words in the filter with 25 hash functions
Inserting 850000 words to the filter with 25 hash functions
Checking 850000 words in the filter with 25 hash functions
Inserting 860000 words to the filter with 25 hash functions
Checking 860000 words in the filter with 25 hash functions
Inserting 870000 words to the filter with 25 hash functions
Checking 870000 words in the filter with 25 hash functions
Inserting 880000 words to the filter with 25 hash functions
Checking 880000 words in the filter with 25 hash functions
Inserting 890000 words to the filter with 25 hash functions
Checking 890000 words in the filter with 25 hash functions
Inserting 900000 words to the filter with 25 hash functions
Checking 900000 words in the filter with 25 hash functions
Inserting 910000 words to the filter with 25 hash functions
Checking 910000 words in the filter with 25 hash functions
Inserting 920000 words to the filter with 25 hash functions
Checking 920000 words in the filter with 25 hash functions
Inserting 930000 words to the filter with 25 hash functions
Checking 930000 words in the filter with 25 hash functions
Inserting 940000 words to the filter with 25 hash functions
Checking 940000 words in the filter with 25 hash functions
Inserting 950000 words to the filter with 25 hash functions
Checking 950000 words in the filter with 25 hash functions
Inserting 960000 words to the filter with 25 hash functions
Checking 960000 words in the filter with 25 hash functions
Inserting 970000 words to the filter with 25 hash functions
Checking 970000 words in the filter with 25 hash functions
Inserting 980000 words to the filter with 25 hash functions
Checking 980000 words in the filter with 25 hash functions
Inserting 990000 words to the filter with 25 hash functions
Checking 990000 words in the filter with 25 hash functions
Inserting 1000000 words to the filter with 25 hash functions
Checking 1000000 words in the filter with 25 hash functions
